mode: set
github.com/fiunchinho/iam-role-annotator/pkg/logger.go:23.41,25.2 1 0
github.com/fiunchinho/iam-role-annotator/pkg/logger.go:28.42,30.2 1 0
github.com/fiunchinho/iam-role-annotator/pkg/logger.go:33.44,35.2 1 0
github.com/fiunchinho/iam-role-annotator/pkg/logger.go:38.42,40.2 1 0
github.com/fiunchinho/iam-role-annotator/pkg/logger.go:43.63,45.2 1 0
github.com/fiunchinho/iam-role-annotator/pkg/logger.go:48.64,50.2 1 0
github.com/fiunchinho/iam-role-annotator/pkg/logger.go:53.66,55.2 1 0
github.com/fiunchinho/iam-role-annotator/pkg/logger.go:58.64,60.2 1 0
github.com/fiunchinho/iam-role-annotator/pkg/logger.go:63.53,67.2 1 0
github.com/fiunchinho/iam-role-annotator/pkg/logger.go:70.36,72.2 1 1
github.com/fiunchinho/iam-role-annotator/pkg/logger.go:80.44,80.45 0 0
github.com/fiunchinho/iam-role-annotator/pkg/logger.go:83.45,83.46 0 0
github.com/fiunchinho/iam-role-annotator/pkg/logger.go:86.47,86.48 0 0
github.com/fiunchinho/iam-role-annotator/pkg/logger.go:89.45,89.46 0 0
github.com/fiunchinho/iam-role-annotator/pkg/logger.go:92.66,92.67 0 1
github.com/fiunchinho/iam-role-annotator/pkg/logger.go:95.67,95.68 0 0
github.com/fiunchinho/iam-role-annotator/pkg/logger.go:98.69,98.70 0 0
github.com/fiunchinho/iam-role-annotator/pkg/logger.go:101.67,101.68 0 0
github.com/fiunchinho/iam-role-annotator/pkg/service.go:23.109,29.2 1 1
github.com/fiunchinho/iam-role-annotator/pkg/service.go:32.105,36.37 3 1
github.com/fiunchinho/iam-role-annotator/pkg/service.go:40.2,43.39 3 1
github.com/fiunchinho/iam-role-annotator/pkg/service.go:48.2,51.27 3 1
github.com/fiunchinho/iam-role-annotator/pkg/service.go:36.37,38.3 1 1
github.com/fiunchinho/iam-role-annotator/pkg/service.go:43.39,46.3 2 0
github.com/fiunchinho/iam-role-annotator/pkg/service.go:55.82,57.2 1 1
github.com/fiunchinho/iam-role-annotator/pkg/service.go:60.86,62.60 2 1
github.com/fiunchinho/iam-role-annotator/pkg/service.go:65.2,65.76 1 1
github.com/fiunchinho/iam-role-annotator/pkg/service.go:62.60,64.3 1 1
github.com/fiunchinho/iam-role-annotator/pkg/service.go:69.126,72.2 2 1
